SF:lib/domain/entities/audio_book.freezed.dart
DA:10,0
DA:12,0
DA:17,1
DA:19,0
DA:25,0
DA:40,0
DA:41,0
DA:42,0
DA:43,0
DA:44,0
DA:46,0
DA:48,0
DA:65,0
DA:71,0
DA:79,0
DA:80,0
DA:81,0
DA:84,0
DA:85,0
DA:88,0
DA:89,0
DA:92,0
DA:93,0
DA:96,0
DA:97,0
DA:121,0
DA:122,0
DA:124,0
DA:125,0
DA:127,0
DA:135,0
DA:136,0
DA:137,0
DA:140,0
DA:141,0
DA:144,0
DA:145,0
DA:148,0
DA:149,0
DA:152,0
DA:153,0
DA:163,1
DA:181,0
DA:183,0
DA:186,1
DA:189,1
DA:190,2
DA:192,0
DA:193,2
DA:195,0
DA:196,2
DA:198,0
DA:199,2
DA:201,0
DA:202,2
DA:204,3
DA:207,0
DA:209,0
DA:210,0
DA:211,0
DA:212,0
DA:213,0
DA:214,0
DA:216,0
DA:219,0
DA:230,0
DA:231,0
DA:232,0
DA:233,0
DA:234,0
DA:235,0
DA:236,0
DA:237,0
DA:238,0
DA:239,0
DA:240,0
DA:243,0
DA:248,1
DA:250,0
DA:254,0
DA:267,0
DA:268,0
DA:269,0
DA:271,0
DA:272,0
DA:284,0
DA:290,0
DA:296,0
DA:297,0
DA:298,0
DA:301,0
DA:302,0
DA:305,0
DA:306,0
DA:324,0
DA:325,0
DA:327,0
DA:328,0
DA:330,0
DA:336,0
DA:337,0
DA:338,0
DA:341,0
DA:342,0
DA:345,0
DA:346,0
DA:356,1
DA:368,0
DA:370,0
DA:373,0
DA:376,0
DA:377,0
DA:379,0
DA:380,0
DA:382,0
DA:383,0
DA:384,0
DA:387,0
DA:389,0
DA:390,0
DA:391,0
DA:392,0
DA:394,0
DA:397,0
DA:406,0
DA:407,0
DA:408,0
DA:409,0
DA:410,0
DA:411,0
DA:412,0
DA:415,0
LF:132
LH:12
end_of_record
SF:lib/main.dart
DA:3,0
DA:4,0
DA:9,1
DA:11,1
DA:13,1
DA:25,1
DA:31,2
DA:44,1
DA:45,1
DA:51,1
DA:52,2
DA:58,2
DA:62,1
DA:70,1
DA:71,1
DA:74,3
DA:76,1
DA:79,1
DA:95,1
DA:96,1
DA:99,1
DA:100,2
DA:101,3
DA:106,1
DA:107,1
DA:109,1
LF:26
LH:24
end_of_record
